%!Adobe-FontList 1.22
%Locale:0x409

%BeginFont
Handler:DirectoryHandler
FontType:Invalid
OutlineFileName:/Users/mary/Desktop/GWDS 21_22/GWDS 21_22 SEMESTER 1/SEMESTER 1 CREATIVE TASKS/True:False file Folder FNL/Document fonts/AdobeFnt22.lst
FileLength:649
FileModTime:656173199
%EndFont

%BeginFont
Handler:DirectoryHandler
FontType:Type1
FontName:MinionPro-Regular
FamilyName:Minion Pro
StyleName:Regular
MenuName:Minion Pro
StyleBits:0
WeightClass:400
WidthClass:5
AngleClass:0
FullName:Minion Pro
WritingScript:Roman
OutlineFileName:/Users/mary/Desktop/GWDS 21_22/GWDS 21_22 SEMESTER 1/SEMESTER 1 CREATIVE TASKS/True:False file Folder FNL/Document fonts/MinionPro-Regular.otf
DataFormat:sfntData
UsesStandardEncoding:yes
isCFF:yes
hasSVG:no
VariableFontType:NonVariableFont
FileLength:218640
FileModTime:652172028
DesignSize:110
NameArray:0,Mac,4,Minion Pro
NameArray:0,Win,1,Minion Pro
%EndFont

